<?xml version="1.0" encoding="UTF-8"?>
<!-- Generated by org.testng.reporters.JUnitReportReporter -->
<testsuite hostname="Anshurai" failures="0" tests="3" name="Run" time="26.317" errors="0" timestamp="2025-03-05T20:50:24 IST" skipped="0">
  <testcase classname="Run" name="TestCase4" time="7.380"/>
  <system-out/>
  <testcase classname="Run" name="TestCase2" time="6.523"/>
  <system-out/>
  <testcase classname="Run" name="TestCase3" time="12.414"/>
  <system-out/>
</testsuite> <!-- Run -->
