<?xml version="1.0" encoding="UTF-8"?>
<!-- Generated by org.testng.reporters.JUnitReportReporter -->
<testsuite hostname="Anshurai" failures="0" tests="3" name="Run" time="24.892" errors="0" timestamp="2025-03-16T16:23:47 IST" skipped="0">
  <testcase classname="Run" name="TestCase4" time="7.252"/>
  <system-out/>
  <testcase classname="Run" name="TestCase2" time="5.811"/>
  <system-out/>
  <testcase classname="Run" name="TestCase3" time="11.829"/>
  <system-out/>
</testsuite> <!-- Run -->
