<?xml version="1.0" encoding="UTF-8"?>
<!-- Generated by org.testng.reporters.JUnitReportReporter -->
<testsuite hostname="Anshurai" failures="0" tests="4" name="Run" time="20.490" errors="0" timestamp="2025-01-23T09:08:22 IST" skipped="0">
  <testcase classname="Run" name="TestCase2" time="4.951"/>
  <system-out/>
  <testcase classname="Run" name="TestCase3" time="8.002"/>
  <system-out/>
  <testcase classname="Run" name="TestCase4" time="3.491"/>
  <system-out/>
  <testcase classname="Run" name="TestCase1" time="4.046"/>
  <system-out/>
</testsuite> <!-- Run -->
