<?xml version="1.0" encoding="UTF-8"?>
<!-- Generated by org.testng.reporters.JUnitReportReporter -->
<testsuite hostname="Anshurai" failures="0" tests="3" name="test.java.Run" time="49.689" errors="0" timestamp="2025-05-11T10:32:53 IST" skipped="0">
  <testcase classname="test.java.Run" name="TestCase3" time="25.657"/>
  <system-out/>
  <testcase classname="test.java.Run" name="TestCase2" time="10.225"/>
  <system-out/>
  <testcase classname="test.java.Run" name="TestCase4" time="13.807"/>
  <system-out/>
</testsuite> <!-- test.java.Run -->
